# JRE version: OpenJDK Runtime Environment Temurin-21.0.5+11 (21.0.5+11) (build 21.0.5+11-LTS)
# Java VM: OpenJDK 64-Bit Server VM Temurin-21.0.5+11 (21.0.5+11-LTS, mixed mode, sharing, tiered, compressed oops, compressed class ptrs, parallel gc, windows-amd64)
GC Precious Log:
 CardTable entry size: 512
 CPUs: 4 total, 4 available
 Memory: 8122M
 Large Page Support: Disabled
 NUMA Support: Disabled
 Compressed Oops: Enabled (32-bit)
 Alignments: Space 512K, Generation 512K, Heap 2M
 Heap Min Capacity: 100M
 Heap Initial Capacity: 100M
 Heap Max Capacity: 1G
 Pre-touch: Disabled
 Parallel Workers: 4
Heap:
 PSYoungGen      total 1536K, used 1440K [0x00000000eab00000, 0x00000000ead80000, 0x0000000100000000)
  eden space 1024K, 100% used [0x00000000eab00000,0x00000000eac00000,0x00000000eac00000)
  from space 512K, 81% used [0x00000000eac00000,0x00000000eac68000,0x00000000eac80000)
  to   space 512K, 98% used [0x00000000ead00000,0x00000000ead7d780,0x00000000ead80000)
 ParOldGen       total 578560K, used 279461K [0x00000000c0000000, 0x00000000e3500000, 0x00000000eab00000)
  object space 578560K, 48% used [0x00000000c0000000,0x00000000d10ef748,0x00000000e3500000)
 Metaspace       used 89951K, committed 91648K, reserved 1179648K
  class space    used 9439K, committed 10240K, reserved 1048576K
GC Heap History (20 events):
Event: 141.110 GC heap before
{Heap before GC invocations=2652 (full 4):
 PSYoungGen      total 1024K, used 863K [0x00000000eab00000, 0x00000000ead00000, 0x0000000100000000)
  eden space 512K, 99% used [0x00000000eab00000,0x00000000eab7ffe0,0x00000000eab80000)
  from space 512K, 68% used [0x00000000eab80000,0x00000000eabd8000,0x00000000eac00000)
  to   space 512K, 0% used [0x00000000eac80000,0x00000000eac80000,0x00000000ead00000)
 ParOldGen       total 578560K, used 276097K [0x00000000c0000000, 0x00000000e3500000, 0x00000000eab00000)
  object space 578560K, 47% used [0x00000000c0000000,0x00000000d0da0538,0x00000000e3500000)
 Metaspace       used 89930K, committed 91648K, reserved 1179648K
  class space    used 9439K, committed 10240K, reserved 1048576K
}
Event: 141.113 GC heap after
{Heap after GC invocations=2652 (full 4):
 PSYoungGen      total 1024K, used 224K [0x00000000eab00000, 0x00000000ead00000, 0x0000000100000000)
  eden space 512K, 0% used [0x00000000eab00000,0x00000000eab00000,0x00000000eab80000)
  from space 512K, 43% used [0x00000000eac80000,0x00000000eacb8000,0x00000000ead00000)
  to   space 512K, 0% used [0x00000000eab80000,0x00000000eab80000,0x00000000eac00000)
 ParOldGen       total 578560K, used 276426K [0x00000000c0000000, 0x00000000e3500000, 0x00000000eab00000)
  object space 578560K, 47% used [0x00000000c0000000,0x00000000d0df2988,0x00000000e3500000)
 Metaspace       used 89930K, committed 91648K, reserved 1179648K
  class space    used 9439K, committed 10240K, reserved 1048576K
}
Event: 141.121 GC heap before
{Heap before GC invocations=2653 (full 4):
 PSYoungGen      total 1024K, used 736K [0x00000000eab00000, 0x00000000ead00000, 0x0000000100000000)
  eden space 512K, 100% used [0x00000000eab00000,0x00000000eab80000,0x00000000eab80000)
  from space 512K, 43% used [0x00000000eac80000,0x00000000eacb8000,0x00000000ead00000)
  to   space 512K, 0% used [0x00000000eab80000,0x00000000eab80000,0x00000000eac00000)
 ParOldGen       total 578560K, used 276426K [0x00000000c0000000, 0x00000000e3500000, 0x00000000eab00000)
  object space 578560K, 47% used [0x00000000c0000000,0x00000000d0df2988,0x00000000e3500000)
 Metaspace       used 89930K, committed 91648K, reserved 1179648K
  class space    used 9439K, committed 10240K, reserved 1048576K
}
Event: 141.123 GC heap after
{Heap after GC invocations=2653 (full 4):
 PSYoungGen      total 1024K, used 352K [0x00000000eab00000, 0x00000000ead00000, 0x0000000100000000)
  eden space 512K, 0% used [0x00000000eab00000,0x00000000eab00000,0x00000000eab80000)
  from space 512K, 68% used [0x00000000eab80000,0x00000000eabd8000,0x00000000eac00000)
  to   space 512K, 0% used [0x00000000eac80000,0x00000000eac80000,0x00000000ead00000)
 ParOldGen       total 578560K, used 276575K [0x00000000c0000000, 0x00000000e3500000, 0x00000000eab00000)
  object space 578560K, 47% used [0x00000000c0000000,0x00000000d0e17db8,0x00000000e3500000)
 Metaspace       used 89930K, committed 91648K, reserved 1179648K
  class space    used 9439K, committed 10240K, reserved 1048576K
}
Event: 141.214 GC heap before
{Heap before GC invocations=2654 (full 4):
 PSYoungGen      total 1024K, used 863K [0x00000000eab00000, 0x00000000ead00000, 0x0000000100000000)
  eden space 512K, 99% used [0x00000000eab00000,0x00000000eab7ffe0,0x00000000eab80000)
  from space 512K, 68% used [0x00000000eab80000,0x00000000eabd8000,0x00000000eac00000)
  to   space 512K, 0% used [0x00000000eac80000,0x00000000eac80000,0x00000000ead00000)
 ParOldGen       total 578560K, used 276575K [0x00000000c0000000, 0x00000000e3500000, 0x00000000eab00000)
  object space 578560K, 47% used [0x00000000c0000000,0x00000000d0e17db8,0x00000000e3500000)
 Metaspace       used 89930K, committed 91648K, reserved 1179648K
  class space    used 9439K, committed 10240K, reserved 1048576K
}
Event: 141.216 GC heap after
{Heap after GC invocations=2654 (full 4):
 PSYoungGen      total 1024K, used 210K [0x00000000eab00000, 0x00000000ead00000, 0x0000000100000000)
  eden space 512K, 0% used [0x00000000eab00000,0x00000000eab00000,0x00000000eab80000)
  from space 512K, 41% used [0x00000000eac80000,0x00000000eacb4808,0x00000000ead00000)
  to   space 512K, 0% used [0x00000000eab80000,0x00000000eab80000,0x00000000eac00000)
 ParOldGen       total 578560K, used 276897K [0x00000000c0000000, 0x00000000e3500000, 0x00000000eab00000)
  object space 578560K, 47% used [0x00000000c0000000,0x00000000d0e68768,0x00000000e3500000)
 Metaspace       used 89930K, committed 91648K, reserved 1179648K
  class space    used 9439K, committed 10240K, reserved 1048576K
}
Event: 141.231 GC heap before
{Heap before GC invocations=2655 (full 4):
 PSYoungGen      total 1024K, used 722K [0x00000000eab00000, 0x00000000ead00000, 0x0000000100000000)
  eden space 512K, 100% used [0x00000000eab00000,0x00000000eab80000,0x00000000eab80000)
  from space 512K, 41% used [0x00000000eac80000,0x00000000eacb4808,0x00000000ead00000)
  to   space 512K, 0% used [0x00000000eab80000,0x00000000eab80000,0x00000000eac00000)
 ParOldGen       total 578560K, used 276897K [0x00000000c0000000, 0x00000000e3500000, 0x00000000eab00000)
  object space 578560K, 47% used [0x00000000c0000000,0x00000000d0e68768,0x00000000e3500000)
 Metaspace       used 89933K, committed 91648K, reserved 1179648K
  class space    used 9439K, committed 10240K, reserved 1048576K
}
Event: 141.234 GC heap after
{Heap after GC invocations=2655 (full 4):
 PSYoungGen      total 1024K, used 224K [0x00000000eab00000, 0x00000000ead00000, 0x0000000100000000)
  eden space 512K, 0% used [0x00000000eab00000,0x00000000eab00000,0x00000000eab80000)
  from space 512K, 43% used [0x00000000eab80000,0x00000000eabb8000,0x00000000eac00000)
  to   space 512K, 0% used [0x00000000eac80000,0x00000000eac80000,0x00000000ead00000)
 ParOldGen       total 578560K, used 277040K [0x00000000c0000000, 0x00000000e3500000, 0x00000000eab00000)
  object space 578560K, 47% used [0x00000000c0000000,0x00000000d0e8c000,0x00000000e3500000)
 Metaspace       used 89933K, committed 91648K, reserved 1179648K
  class space    used 9439K, committed 10240K, reserved 1048576K
}
Event: 141.240 GC heap before
{Heap before GC invocations=2656 (full 4):
 PSYoungGen      total 1024K, used 736K [0x00000000eab00000, 0x00000000ead00000, 0x0000000100000000)
  eden space 512K, 100% used [0x00000000eab00000,0x00000000eab80000,0x00000000eab80000)
  from space 512K, 43% used [0x00000000eab80000,0x00000000eabb8000,0x00000000eac00000)
  to   space 512K, 0% used [0x00000000eac80000,0x00000000eac80000,0x00000000ead00000)
 ParOldGen       total 578560K, used 277040K [0x00000000c0000000, 0x00000000e3500000, 0x00000000eab00000)
  object space 578560K, 47% used [0x00000000c0000000,0x00000000d0e8c000,0x00000000e3500000)
 Metaspace       used 89938K, committed 91648K, reserved 1179648K
  class space    used 9439K, committed 10240K, reserved 1048576K
}
Event: 141.242 GC heap after
{Heap after GC invocations=2656 (full 4):
 PSYoungGen      total 1024K, used 384K [0x00000000eab00000, 0x00000000ead00000, 0x0000000100000000)
  eden space 512K, 0% used [0x00000000eab00000,0x00000000eab00000,0x00000000eab80000)
  from space 512K, 75% used [0x00000000eac80000,0x00000000eace0000,0x00000000ead00000)
  to   space 512K, 0% used [0x00000000eab80000,0x00000000eab80000,0x00000000eac00000)
 ParOldGen       total 578560K, used 277200K [0x00000000c0000000, 0x00000000e3500000, 0x00000000eab00000)
  object space 578560K, 47% used [0x00000000c0000000,0x00000000d0eb4108,0x00000000e3500000)
 Metaspace       used 89938K, committed 91648K, reserved 1179648K
  class space    used 9439K, committed 10240K, reserved 1048576K
}
Event: 141.270 GC heap before
{Heap before GC invocations=2657 (full 4):
 PSYoungGen      total 1024K, used 896K [0x00000000eab00000, 0x00000000ead00000, 0x0000000100000000)
  eden space 512K, 100% used [0x00000000eab00000,0x00000000eab80000,0x00000000eab80000)
  from space 512K, 75% used [0x00000000eac80000,0x00000000eace0000,0x00000000ead00000)
  to   space 512K, 0% used [0x00000000eab80000,0x00000000eab80000,0x00000000eac00000)
 ParOldGen       total 578560K, used 277200K [0x00000000c0000000, 0x00000000e3500000, 0x00000000eab00000)
  object space 578560K, 47% used [0x00000000c0000000,0x00000000d0eb4108,0x00000000e3500000)
 Metaspace       used 89939K, committed 91648K, reserved 1179648K
  class space    used 9439K, committed 10240K, reserved 1048576K
}
Event: 141.271 GC heap after
{Heap after GC invocations=2657 (full 4):
 PSYoungGen      total 1024K, used 256K [0x00000000eab00000, 0x00000000ead00000, 0x0000000100000000)
  eden space 512K, 0% used [0x00000000eab00000,0x00000000eab00000,0x00000000eab80000)
  from space 512K, 50% used [0x00000000eab80000,0x00000000eabc0000,0x00000000eac00000)
  to   space 512K, 0% used [0x00000000eac80000,0x00000000eac80000,0x00000000ead00000)
 ParOldGen       total 578560K, used 277522K [0x00000000c0000000, 0x00000000e3500000, 0x00000000eab00000)
  object space 578560K, 47% used [0x00000000c0000000,0x00000000d0f04ba8,0x00000000e3500000)
 Metaspace       used 89939K, committed 91648K, reserved 1179648K
  class space    used 9439K, committed 10240K, reserved 1048576K
}
Event: 141.280 GC heap before
{Heap before GC invocations=2658 (full 4):
 PSYoungGen      total 1024K, used 761K [0x00000000eab00000, 0x00000000ead00000, 0x0000000100000000)
  eden space 512K, 98% used [0x00000000eab00000,0x00000000eab7e540,0x00000000eab80000)
  from space 512K, 50% used [0x00000000eab80000,0x00000000eabc0000,0x00000000eac00000)
  to   space 512K, 0% used [0x00000000eac80000,0x00000000eac80000,0x00000000ead00000)
 ParOldGen       total 578560K, used 277522K [0x00000000c0000000, 0x00000000e3500000, 0x00000000eab00000)
  object space 578560K, 47% used [0x00000000c0000000,0x00000000d0f04ba8,0x00000000e3500000)
 Metaspace       used 89939K, committed 91648K, reserved 1179648K
  class space    used 9439K, committed 10240K, reserved 1048576K
}
Event: 141.282 GC heap after
{Heap after GC invocations=2658 (full 4):
 PSYoungGen      total 1024K, used 384K [0x00000000eab00000, 0x00000000ead00000, 0x0000000100000000)
  eden space 512K, 0% used [0x00000000eab00000,0x00000000eab00000,0x00000000eab80000)
  from space 512K, 75% used [0x00000000eac80000,0x00000000eace0000,0x00000000ead00000)
  to   space 512K, 0% used [0x00000000eab80000,0x00000000eab80000,0x00000000eac00000)
 ParOldGen       total 578560K, used 277707K [0x00000000c0000000, 0x00000000e3500000, 0x00000000eab00000)
  object space 578560K, 47% used [0x00000000c0000000,0x00000000d0f32fb0,0x00000000e3500000)
 Metaspace       used 89939K, committed 91648K, reserved 1179648K
  class space    used 9439K, committed 10240K, reserved 1048576K
}
Event: 141.299 GC heap before
{Heap before GC invocations=2659 (full 4):
 PSYoungGen      total 1024K, used 896K [0x00000000eab00000, 0x00000000ead00000, 0x0000000100000000)
  eden space 512K, 100% used [0x00000000eab00000,0x00000000eab80000,0x00000000eab80000)
  from space 512K, 75% used [0x00000000eac80000,0x00000000eace0000,0x00000000ead00000)
  to   space 512K, 0% used [0x00000000eab80000,0x00000000eab80000,0x00000000eac00000)
 ParOldGen       total 578560K, used 277707K [0x00000000c0000000, 0x00000000e3500000, 0x00000000eab00000)
  object space 578560K, 47% used [0x00000000c0000000,0x00000000d0f32fb0,0x00000000e3500000)
 Metaspace       used 89939K, committed 91648K, reserved 1179648K
  class space    used 9439K, committed 10240K, reserved 1048576K
}
Event: 141.301 GC heap after
{Heap after GC invocations=2659 (full 4):
 PSYoungGen      total 1024K, used 192K [0x00000000eab00000, 0x00000000ead00000, 0x0000000100000000)
  eden space 512K, 0% used [0x00000000eab00000,0x00000000eab00000,0x00000000eab80000)
  from space 512K, 37% used [0x00000000eab80000,0x00000000eabb0000,0x00000000eac00000)
  to   space 512K, 0% used [0x00000000eac80000,0x00000000eac80000,0x00000000ead00000)
 ParOldGen       total 578560K, used 278008K [0x00000000c0000000, 0x00000000e3500000, 0x00000000eab00000)
  object space 578560K, 48% used [0x00000000c0000000,0x00000000d0f7e330,0x00000000e3500000)
 Metaspace       used 89939K, committed 91648K, reserved 1179648K
  class space    used 9439K, committed 10240K, reserved 1048576K
}
Event: 141.305 GC heap before
{Heap before GC invocations=2660 (full 4):
 PSYoungGen      total 1024K, used 704K [0x00000000eab00000, 0x00000000ead00000, 0x0000000100000000)
  eden space 512K, 100% used [0x00000000eab00000,0x00000000eab80000,0x00000000eab80000)
  from space 512K, 37% used [0x00000000eab80000,0x00000000eabb0000,0x00000000eac00000)
  to   space 512K, 0% used [0x00000000eac80000,0x00000000eac80000,0x00000000ead00000)
 ParOldGen       total 578560K, used 278008K [0x00000000c0000000, 0x00000000e3500000, 0x00000000eab00000)
  object space 578560K, 48% used [0x00000000c0000000,0x00000000d0f7e330,0x00000000e3500000)
 Metaspace       used 89939K, committed 91648K, reserved 1179648K
  class space    used 9439K, committed 10240K, reserved 1048576K
}
Event: 141.306 GC heap after
{Heap after GC invocations=2660 (full 4):
 PSYoungGen      total 1024K, used 384K [0x00000000eab00000, 0x00000000ead00000, 0x0000000100000000)
  eden space 512K, 0% used [0x00000000eab00000,0x00000000eab00000,0x00000000eab80000)
  from space 512K, 75% used [0x00000000eac80000,0x00000000eace0000,0x00000000ead00000)
  to   space 512K, 0% used [0x00000000eab80000,0x00000000eab80000,0x00000000eac00000)
 ParOldGen       total 578560K, used 278150K [0x00000000c0000000, 0x00000000e3500000, 0x00000000eab00000)
  object space 578560K, 48% used [0x00000000c0000000,0x00000000d0fa1a50,0x00000000e3500000)
 Metaspace       used 89939K, committed 91648K, reserved 1179648K
  class space    used 9439K, committed 10240K, reserved 1048576K
}
Event: 141.373 GC heap before
{Heap before GC invocations=2661 (full 4):
 PSYoungGen      total 1024K, used 895K [0x00000000eab00000, 0x00000000ead00000, 0x0000000100000000)
  eden space 512K, 99% used [0x00000000eab00000,0x00000000eab7ffc0,0x00000000eab80000)
  from space 512K, 75% used [0x00000000eac80000,0x00000000eace0000,0x00000000ead00000)
  to   space 512K, 0% used [0x00000000eab80000,0x00000000eab80000,0x00000000eac00000)
 ParOldGen       total 578560K, used 278150K [0x00000000c0000000, 0x00000000e3500000, 0x00000000eab00000)
  object space 578560K, 48% used [0x00000000c0000000,0x00000000d0fa1a50,0x00000000e3500000)
 Metaspace       used 89939K, committed 91648K, reserved 1179648K
  class space    used 9439K, committed 10240K, reserved 1048576K
}
Event: 141.375 GC heap after
{Heap after GC invocations=2661 (full 4):
 PSYoungGen      total 1024K, used 160K [0x00000000eab00000, 0x00000000ead00000, 0x0000000100000000)
  eden space 512K, 0% used [0x00000000eab00000,0x00000000eab00000,0x00000000eab80000)
  from space 512K, 31% used [0x00000000eab80000,0x00000000eaba8000,0x00000000eac00000)
  to   space 512K, 0% used [0x00000000eac80000,0x00000000eac80000,0x00000000ead00000)
 ParOldGen       total 578560K, used 278519K [0x00000000c0000000, 0x00000000e3500000, 0x00000000eab00000)
  object space 578560K, 48% used [0x00000000c0000000,0x00000000d0ffdeb0,0x00000000e3500000)
 Metaspace       used 89939K, committed 91648K, reserved 1179648K
  class space    used 9439K, committed 10240K, reserved 1048576K
}

